{"/home/rhys-morris/projects/ioof-web-app/src/index.ts": {"path":"/home/rhys-morris/projects/ioof-web-app/src/index.ts","statementMap":{"0":{"start":{"line":8,"column":18},"end":{"line":8,"column":29}},"1":{"start":{"line":9,"column":33},"end":{"line":9,"column":37}},"2":{"start":{"line":10,"column":22},"end":{"line":10,"column":24}},"3":{"start":{"line":12,"column":0},"end":{"line":17,"column":1}},"4":{"start":{"line":13,"column":2},"end":{"line":15,"column":4}},"5":{"start":{"line":16,"column":2},"end":{"line":16,"column":16}},"6":{"start":{"line":22,"column":19},"end":{"line":22,"column":60}},"7":{"start":{"line":23,"column":2},"end":{"line":25,"column":3}},"8":{"start":{"line":24,"column":4},"end":{"line":24,"column":11}},"9":{"start":{"line":26,"column":2},"end":{"line":26,"column":75}},"10":{"start":{"line":27,"column":2},"end":{"line":27,"column":16}},"11":{"start":{"line":36,"column":25},"end":{"line":36,"column":55}},"12":{"start":{"line":38,"column":2},"end":{"line":41,"column":3}},"13":{"start":{"line":39,"column":4},"end":{"line":39,"column":68}},"14":{"start":{"line":40,"column":4},"end":{"line":40,"column":11}},"15":{"start":{"line":42,"column":2},"end":{"line":93,"column":3}},"16":{"start":{"line":44,"column":32},"end":{"line":44,"column":47}},"17":{"start":{"line":45,"column":48},"end":{"line":49,"column":7}},"18":{"start":{"line":51,"column":6},"end":{"line":61,"column":7}},"19":{"start":{"line":52,"column":8},"end":{"line":52,"column":55}},"20":{"start":{"line":52,"column":19},"end":{"line":52,"column":55}},"21":{"start":{"line":53,"column":8},"end":{"line":58,"column":10}},"22":{"start":{"line":60,"column":8},"end":{"line":60,"column":57}},"23":{"start":{"line":62,"column":6},"end":{"line":62,"column":12}},"24":{"start":{"line":64,"column":6},"end":{"line":64,"column":28}},"25":{"start":{"line":65,"column":6},"end":{"line":65,"column":12}},"26":{"start":{"line":67,"column":6},"end":{"line":67,"column":28}},"27":{"start":{"line":68,"column":6},"end":{"line":68,"column":12}},"28":{"start":{"line":70,"column":6},"end":{"line":70,"column":29}},"29":{"start":{"line":71,"column":6},"end":{"line":71,"column":12}},"30":{"start":{"line":73,"column":6},"end":{"line":73,"column":40}},"31":{"start":{"line":74,"column":6},"end":{"line":74,"column":12}},"32":{"start":{"line":76,"column":28},"end":{"line":76,"column":40}},"33":{"start":{"line":77,"column":6},"end":{"line":85,"column":7}},"34":{"start":{"line":83,"column":8},"end":{"line":83,"column":50}},"35":{"start":{"line":84,"column":8},"end":{"line":84,"column":15}},"36":{"start":{"line":86,"column":6},"end":{"line":86,"column":47}},"37":{"start":{"line":87,"column":6},"end":{"line":87,"column":12}},"38":{"start":{"line":89,"column":6},"end":{"line":91,"column":8}},"39":{"start":{"line":92,"column":6},"end":{"line":92,"column":13}},"40":{"start":{"line":103,"column":2},"end":{"line":103,"column":38}},"41":{"start":{"line":104,"column":26},"end":{"line":104,"column":60}},"42":{"start":{"line":105,"column":2},"end":{"line":106,"column":43}},"43":{"start":{"line":106,"column":4},"end":{"line":106,"column":43}},"44":{"start":{"line":109,"column":2},"end":{"line":109,"column":16}},"45":{"start":{"line":110,"column":2},"end":{"line":110,"column":16}},"46":{"start":{"line":111,"column":2},"end":{"line":112,"column":50}},"47":{"start":{"line":112,"column":4},"end":{"line":112,"column":50}},"48":{"start":{"line":113,"column":2},"end":{"line":113,"column":68}},"49":{"start":{"line":113,"column":22},"end":{"line":113,"column":68}},"50":{"start":{"line":114,"column":2},"end":{"line":114,"column":68}},"51":{"start":{"line":114,"column":22},"end":{"line":114,"column":68}},"52":{"start":{"line":117,"column":2},"end":{"line":118,"column":57}},"53":{"start":{"line":118,"column":4},"end":{"line":118,"column":57}},"54":{"start":{"line":120,"column":2},"end":{"line":120,"column":41}},"55":{"start":{"line":129,"column":16},"end":{"line":129,"column":36}},"56":{"start":{"line":130,"column":2},"end":{"line":130,"column":21}},"57":{"start":{"line":131,"column":2},"end":{"line":131,"column":31}},"58":{"start":{"line":132,"column":2},"end":{"line":132,"column":42}},"59":{"start":{"line":132,"column":21},"end":{"line":132,"column":42}},"60":{"start":{"line":139,"column":2},"end":{"line":142,"column":3}},"61":{"start":{"line":140,"column":4},"end":{"line":140,"column":38}},"62":{"start":{"line":141,"column":4},"end":{"line":141,"column":11}},"63":{"start":{"line":143,"column":22},"end":{"line":143,"column":54}},"64":{"start":{"line":144,"column":2},"end":{"line":144,"column":55}},"65":{"start":{"line":145,"column":2},"end":{"line":145,"column":24}},"66":{"start":{"line":146,"column":2},"end":{"line":150,"column":4}}},"fnMap":{"0":{"name":"askForInput","decl":{"start":{"line":21,"column":9},"end":{"line":21,"column":20}},"loc":{"start":{"line":21,"column":23},"end":{"line":28,"column":1}},"line":21},"1":{"name":"mapInput","decl":{"start":{"line":30,"column":16},"end":{"line":30,"column":24}},"loc":{"start":{"line":35,"column":2},"end":{"line":94,"column":1}},"line":35},"2":{"name":"validatePlaceArguments","decl":{"start":{"line":97,"column":16},"end":{"line":97,"column":38}},"loc":{"start":{"line":101,"column":67},"end":{"line":121,"column":1}},"line":101},"3":{"name":"placeRobot","decl":{"start":{"line":123,"column":16},"end":{"line":123,"column":26}},"loc":{"start":{"line":128,"column":2},"end":{"line":133,"column":1}},"line":128},"4":{"name":"reportOnRobots","decl":{"start":{"line":135,"column":16},"end":{"line":135,"column":30}},"loc":{"start":{"line":138,"column":8},"end":{"line":151,"column":1}},"line":138}},"branchMap":{"0":{"loc":{"start":{"line":12,"column":0},"end":{"line":17,"column":1}},"type":"if","locations":[{"start":{"line":12,"column":0},"end":{"line":17,"column":1}},{"start":{"line":12,"column":0},"end":{"line":17,"column":1}}],"line":12},"1":{"loc":{"start":{"line":23,"column":2},"end":{"line":25,"column":3}},"type":"if","locations":[{"start":{"line":23,"column":2},"end":{"line":25,"column":3}},{"start":{"line":23,"column":2},"end":{"line":25,"column":3}}],"line":23},"2":{"loc":{"start":{"line":38,"column":2},"end":{"line":41,"column":3}},"type":"if","locations":[{"start":{"line":38,"column":2},"end":{"line":41,"column":3}},{"start":{"line":38,"column":2},"end":{"line":41,"column":3}}],"line":38},"3":{"loc":{"start":{"line":38,"column":6},"end":{"line":38,"column":42}},"type":"binary-expr","locations":[{"start":{"line":38,"column":6},"end":{"line":38,"column":20}},{"start":{"line":38,"column":24},"end":{"line":38,"column":42}}],"line":38},"4":{"loc":{"start":{"line":42,"column":2},"end":{"line":93,"column":3}},"type":"switch","locations":[{"start":{"line":43,"column":4},"end":{"line":62,"column":12}},{"start":{"line":63,"column":4},"end":{"line":65,"column":12}},{"start":{"line":66,"column":4},"end":{"line":68,"column":12}},{"start":{"line":69,"column":4},"end":{"line":71,"column":12}},{"start":{"line":72,"column":4},"end":{"line":74,"column":12}},{"start":{"line":75,"column":4},"end":{"line":87,"column":12}},{"start":{"line":88,"column":4},"end":{"line":92,"column":13}}],"line":42},"5":{"loc":{"start":{"line":51,"column":6},"end":{"line":61,"column":7}},"type":"if","locations":[{"start":{"line":51,"column":6},"end":{"line":61,"column":7}},{"start":{"line":51,"column":6},"end":{"line":61,"column":7}}],"line":51},"6":{"loc":{"start":{"line":52,"column":8},"end":{"line":52,"column":55}},"type":"if","locations":[{"start":{"line":52,"column":8},"end":{"line":52,"column":55}},{"start":{"line":52,"column":8},"end":{"line":52,"column":55}}],"line":52},"7":{"loc":{"start":{"line":77,"column":6},"end":{"line":85,"column":7}},"type":"if","locations":[{"start":{"line":77,"column":6},"end":{"line":85,"column":7}},{"start":{"line":77,"column":6},"end":{"line":85,"column":7}}],"line":77},"8":{"loc":{"start":{"line":78,"column":8},"end":{"line":81,"column":22}},"type":"binary-expr","locations":[{"start":{"line":78,"column":8},"end":{"line":78,"column":26}},{"start":{"line":79,"column":8},"end":{"line":79,"column":25}},{"start":{"line":80,"column":8},"end":{"line":80,"column":37}},{"start":{"line":81,"column":8},"end":{"line":81,"column":22}}],"line":78},"9":{"loc":{"start":{"line":105,"column":2},"end":{"line":106,"column":43}},"type":"if","locations":[{"start":{"line":105,"column":2},"end":{"line":106,"column":43}},{"start":{"line":105,"column":2},"end":{"line":106,"column":43}}],"line":105},"10":{"loc":{"start":{"line":111,"column":2},"end":{"line":112,"column":50}},"type":"if","locations":[{"start":{"line":111,"column":2},"end":{"line":112,"column":50}},{"start":{"line":111,"column":2},"end":{"line":112,"column":50}}],"line":111},"11":{"loc":{"start":{"line":111,"column":6},"end":{"line":111,"column":40}},"type":"binary-expr","locations":[{"start":{"line":111,"column":6},"end":{"line":111,"column":21}},{"start":{"line":111,"column":25},"end":{"line":111,"column":40}}],"line":111},"12":{"loc":{"start":{"line":113,"column":2},"end":{"line":113,"column":68}},"type":"if","locations":[{"start":{"line":113,"column":2},"end":{"line":113,"column":68}},{"start":{"line":113,"column":2},"end":{"line":113,"column":68}}],"line":113},"13":{"loc":{"start":{"line":113,"column":6},"end":{"line":113,"column":20}},"type":"binary-expr","locations":[{"start":{"line":113,"column":6},"end":{"line":113,"column":11}},{"start":{"line":113,"column":15},"end":{"line":113,"column":20}}],"line":113},"14":{"loc":{"start":{"line":114,"column":2},"end":{"line":114,"column":68}},"type":"if","locations":[{"start":{"line":114,"column":2},"end":{"line":114,"column":68}},{"start":{"line":114,"column":2},"end":{"line":114,"column":68}}],"line":114},"15":{"loc":{"start":{"line":114,"column":6},"end":{"line":114,"column":20}},"type":"binary-expr","locations":[{"start":{"line":114,"column":6},"end":{"line":114,"column":11}},{"start":{"line":114,"column":15},"end":{"line":114,"column":20}}],"line":114},"16":{"loc":{"start":{"line":117,"column":2},"end":{"line":118,"column":57}},"type":"if","locations":[{"start":{"line":117,"column":2},"end":{"line":118,"column":57}},{"start":{"line":117,"column":2},"end":{"line":118,"column":57}}],"line":117},"17":{"loc":{"start":{"line":132,"column":2},"end":{"line":132,"column":42}},"type":"if","locations":[{"start":{"line":132,"column":2},"end":{"line":132,"column":42}},{"start":{"line":132,"column":2},"end":{"line":132,"column":42}}],"line":132},"18":{"loc":{"start":{"line":139,"column":2},"end":{"line":142,"column":3}},"type":"if","locations":[{"start":{"line":139,"column":2},"end":{"line":142,"column":3}},{"start":{"line":139,"column":2},"end":{"line":142,"column":3}}],"line":139},"19":{"loc":{"start":{"line":147,"column":13},"end":{"line":147,"column":47}},"type":"cond-expr","locations":[{"start":{"line":147,"column":35},"end":{"line":147,"column":39}},{"start":{"line":147,"column":42},"end":{"line":147,"column":47}}],"line":147},"20":{"loc":{"start":{"line":149,"column":13},"end":{"line":149,"column":43}},"type":"cond-expr","locations":[{"start":{"line":149,"column":35},"end":{"line":149,"column":37}},{"start":{"line":149,"column":40},"end":{"line":149,"column":43}}],"line":149}},"s":{"0":1,"1":1,"2":1,"3":1,"4":0,"5":0,"6":0,"7":0,"8":0,"9":0,"10":0,"11":6,"12":6,"13":0,"14":0,"15":6,"16":0,"17":0,"18":0,"19":0,"20":0,"21":0,"22":0,"23":0,"24":1,"25":1,"26":1,"27":1,"28":1,"29":1,"30":1,"31":1,"32":1,"33":1,"34":1,"35":1,"36":0,"37":0,"38":1,"39":1,"40":7,"41":7,"42":7,"43":1,"44":6,"45":6,"46":6,"47":1,"48":5,"49":2,"50":3,"51":2,"52":1,"53":0,"54":1,"55":1,"56":1,"57":1,"58":1,"59":1,"60":3,"61":1,"62":1,"63":2,"64":2,"65":2,"66":2},"f":{"0":0,"1":6,"2":7,"3":1,"4":3},"b":{"0":[0,1],"1":[0,0],"2":[0,6],"3":[6,0],"4":[0,1,1,1,1,1,1],"5":[0,0],"6":[0,0],"7":[1,0],"8":[1,1,1,1],"9":[1,6],"10":[1,5],"11":[6,5],"12":[2,3],"13":[5,4],"14":[2,1],"15":[3,2],"16":[0,1],"17":[1,0],"18":[1,2],"19":[1,1],"20":[1,1]},"_coverageSchema":"1a1c01bbd47fc00a2c39e90264f33305004495a9","hash":"9f8d6a235ee1914f83ce49eb51d84e3861bd4f6e"}
,"/home/rhys-morris/projects/ioof-web-app/src/robot.ts": {"path":"/home/rhys-morris/projects/ioof-web-app/src/robot.ts","statementMap":{"0":{"start":{"line":19,"column":4},"end":{"line":19,"column":23}},"1":{"start":{"line":20,"column":4},"end":{"line":20,"column":25}},"2":{"start":{"line":21,"column":4},"end":{"line":21,"column":23}},"3":{"start":{"line":24,"column":24},"end":{"line":29,"column":3}},"4":{"start":{"line":31,"column":23},"end":{"line":36,"column":3}},"5":{"start":{"line":38,"column":26},"end":{"line":43,"column":3}},"6":{"start":{"line":49,"column":17},"end":{"line":49,"column":30}},"7":{"start":{"line":50,"column":31},"end":{"line":50,"column":77}},"8":{"start":{"line":51,"column":25},"end":{"line":51,"column":75}},"9":{"start":{"line":52,"column":30},"end":{"line":57,"column":5}},"10":{"start":{"line":58,"column":4},"end":{"line":60,"column":5}},"11":{"start":{"line":59,"column":6},"end":{"line":59,"column":21}},"12":{"start":{"line":62,"column":4},"end":{"line":64,"column":47}},"13":{"start":{"line":65,"column":4},"end":{"line":65,"column":51}},"14":{"start":{"line":65,"column":36},"end":{"line":65,"column":51}},"15":{"start":{"line":66,"column":4},"end":{"line":66,"column":26}},"16":{"start":{"line":70,"column":4},"end":{"line":70,"column":38}},"17":{"start":{"line":71,"column":4},"end":{"line":71,"column":38}},"18":{"start":{"line":72,"column":4},"end":{"line":75,"column":7}},"19":{"start":{"line":79,"column":4},"end":{"line":79,"column":31}},"20":{"start":{"line":79,"column":24},"end":{"line":79,"column":31}},"21":{"start":{"line":80,"column":28},"end":{"line":80,"column":41}},"22":{"start":{"line":81,"column":32},"end":{"line":81,"column":69}},"23":{"start":{"line":82,"column":4},"end":{"line":85,"column":5}},"24":{"start":{"line":83,"column":6},"end":{"line":83,"column":72}},"25":{"start":{"line":84,"column":6},"end":{"line":84,"column":13}},"26":{"start":{"line":87,"column":25},"end":{"line":87,"column":50}},"27":{"start":{"line":88,"column":4},"end":{"line":88,"column":44}},"28":{"start":{"line":90,"column":4},"end":{"line":90,"column":55}},"29":{"start":{"line":92,"column":4},"end":{"line":94,"column":7}},"30":{"start":{"line":98,"column":4},"end":{"line":98,"column":31}},"31":{"start":{"line":98,"column":24},"end":{"line":98,"column":31}},"32":{"start":{"line":99,"column":29},"end":{"line":99,"column":45}},"33":{"start":{"line":100,"column":4},"end":{"line":100,"column":72}},"34":{"start":{"line":101,"column":4},"end":{"line":103,"column":7}},"35":{"start":{"line":107,"column":4},"end":{"line":107,"column":31}},"36":{"start":{"line":107,"column":24},"end":{"line":107,"column":31}},"37":{"start":{"line":108,"column":29},"end":{"line":108,"column":45}},"38":{"start":{"line":109,"column":4},"end":{"line":109,"column":73}},"39":{"start":{"line":110,"column":4},"end":{"line":112,"column":7}},"40":{"start":{"line":116,"column":4},"end":{"line":116,"column":31}},"41":{"start":{"line":116,"column":24},"end":{"line":116,"column":31}},"42":{"start":{"line":117,"column":30},"end":{"line":117,"column":43}},"43":{"start":{"line":118,"column":4},"end":{"line":118,"column":70}},"44":{"start":{"line":119,"column":4},"end":{"line":121,"column":7}}},"fnMap":{"0":{"name":"(anonymous_0)","decl":{"start":{"line":18,"column":2},"end":{"line":18,"column":3}},"loc":{"start":{"line":18,"column":28},"end":{"line":22,"column":3}},"line":18},"1":{"name":"(anonymous_1)","decl":{"start":{"line":45,"column":2},"end":{"line":45,"column":3}},"loc":{"start":{"line":48,"column":33},"end":{"line":67,"column":3}},"line":48},"2":{"name":"(anonymous_2)","decl":{"start":{"line":69,"column":2},"end":{"line":69,"column":3}},"loc":{"start":{"line":69,"column":60},"end":{"line":76,"column":3}},"line":69},"3":{"name":"(anonymous_3)","decl":{"start":{"line":78,"column":2},"end":{"line":78,"column":3}},"loc":{"start":{"line":78,"column":9},"end":{"line":95,"column":3}},"line":78},"4":{"name":"(anonymous_4)","decl":{"start":{"line":97,"column":2},"end":{"line":97,"column":3}},"loc":{"start":{"line":97,"column":9},"end":{"line":104,"column":3}},"line":97},"5":{"name":"(anonymous_5)","decl":{"start":{"line":106,"column":2},"end":{"line":106,"column":3}},"loc":{"start":{"line":106,"column":10},"end":{"line":113,"column":3}},"line":106},"6":{"name":"(anonymous_6)","decl":{"start":{"line":115,"column":2},"end":{"line":115,"column":3}},"loc":{"start":{"line":115,"column":11},"end":{"line":122,"column":3}},"line":115}},"branchMap":{"0":{"loc":{"start":{"line":50,"column":31},"end":{"line":50,"column":77}},"type":"cond-expr","locations":[{"start":{"line":50,"column":72},"end":{"line":50,"column":73}},{"start":{"line":50,"column":76},"end":{"line":50,"column":77}}],"line":50},"1":{"loc":{"start":{"line":51,"column":25},"end":{"line":51,"column":75}},"type":"cond-expr","locations":[{"start":{"line":51,"column":66},"end":{"line":51,"column":69}},{"start":{"line":51,"column":72},"end":{"line":51,"column":75}}],"line":51},"2":{"loc":{"start":{"line":58,"column":4},"end":{"line":60,"column":5}},"type":"if","locations":[{"start":{"line":58,"column":4},"end":{"line":60,"column":5}},{"start":{"line":58,"column":4},"end":{"line":60,"column":5}}],"line":58},"3":{"loc":{"start":{"line":62,"column":4},"end":{"line":64,"column":46}},"type":"cond-expr","locations":[{"start":{"line":63,"column":9},"end":{"line":63,"column":45}},{"start":{"line":64,"column":9},"end":{"line":64,"column":45}}],"line":62},"4":{"loc":{"start":{"line":65,"column":4},"end":{"line":65,"column":51}},"type":"if","locations":[{"start":{"line":65,"column":4},"end":{"line":65,"column":51}},{"start":{"line":65,"column":4},"end":{"line":65,"column":51}}],"line":65},"5":{"loc":{"start":{"line":79,"column":4},"end":{"line":79,"column":31}},"type":"if","locations":[{"start":{"line":79,"column":4},"end":{"line":79,"column":31}},{"start":{"line":79,"column":4},"end":{"line":79,"column":31}}],"line":79},"6":{"loc":{"start":{"line":82,"column":4},"end":{"line":85,"column":5}},"type":"if","locations":[{"start":{"line":82,"column":4},"end":{"line":85,"column":5}},{"start":{"line":82,"column":4},"end":{"line":85,"column":5}}],"line":82},"7":{"loc":{"start":{"line":98,"column":4},"end":{"line":98,"column":31}},"type":"if","locations":[{"start":{"line":98,"column":4},"end":{"line":98,"column":31}},{"start":{"line":98,"column":4},"end":{"line":98,"column":31}}],"line":98},"8":{"loc":{"start":{"line":107,"column":4},"end":{"line":107,"column":31}},"type":"if","locations":[{"start":{"line":107,"column":4},"end":{"line":107,"column":31}},{"start":{"line":107,"column":4},"end":{"line":107,"column":31}}],"line":107},"9":{"loc":{"start":{"line":116,"column":4},"end":{"line":116,"column":31}},"type":"if","locations":[{"start":{"line":116,"column":4},"end":{"line":116,"column":31}},{"start":{"line":116,"column":4},"end":{"line":116,"column":31}}],"line":116}},"s":{"0":9,"1":9,"2":9,"3":3,"4":3,"5":3,"6":6,"7":6,"8":6,"9":6,"10":6,"11":4,"12":2,"13":2,"14":1,"15":1,"16":2,"17":2,"18":2,"19":6,"20":0,"21":6,"22":6,"23":6,"24":5,"25":5,"26":1,"27":1,"28":1,"29":1,"30":4,"31":0,"32":4,"33":4,"34":4,"35":4,"36":0,"37":4,"38":4,"39":4,"40":1,"41":0,"42":1,"43":1,"44":1},"f":{"0":9,"1":6,"2":2,"3":6,"4":4,"5":4,"6":1},"b":{"0":[4,2],"1":[4,2],"2":[4,2],"3":[2,0],"4":[1,1],"5":[0,6],"6":[5,1],"7":[0,4],"8":[0,4],"9":[0,1]},"_coverageSchema":"1a1c01bbd47fc00a2c39e90264f33305004495a9","hash":"72865cc6515e9a1b313841b521764a10abd7c62b"}
,"/home/rhys-morris/projects/ioof-web-app/src/table.ts": {"path":"/home/rhys-morris/projects/ioof-web-app/src/table.ts","statementMap":{"0":{"start":{"line":12,"column":4},"end":{"line":18,"column":6}},"1":{"start":{"line":26,"column":25},"end":{"line":26,"column":36}},"2":{"start":{"line":27,"column":25},"end":{"line":27,"column":36}},"3":{"start":{"line":28,"column":4},"end":{"line":28,"column":38}},"4":{"start":{"line":29,"column":4},"end":{"line":29,"column":39}}},"fnMap":{"0":{"name":"(anonymous_0)","decl":{"start":{"line":10,"column":2},"end":{"line":10,"column":3}},"loc":{"start":{"line":10,"column":16},"end":{"line":19,"column":3}},"line":10},"1":{"name":"(anonymous_1)","decl":{"start":{"line":21,"column":2},"end":{"line":21,"column":3}},"loc":{"start":{"line":25,"column":10},"end":{"line":30,"column":3}},"line":25}},"branchMap":{},"s":{"0":9,"1":2,"2":2,"3":2,"4":2},"f":{"0":9,"1":2},"b":{},"_coverageSchema":"1a1c01bbd47fc00a2c39e90264f33305004495a9","hash":"41e1eb3ba8a78538b182ecbee74e3066c6a97a81"}
}
