TN:
SF:src/index.ts
FN:21,askForInput
FN:30,mapInput
FN:97,validatePlaceArguments
FN:117,placeRobot
FN:129,reportOnRobots
FNF:5
FNH:4
FNDA:0,askForInput
FNDA:6,mapInput
FNDA:7,validatePlaceArguments
FNDA:1,placeRobot
FNDA:3,reportOnRobots
DA:8,1
DA:9,1
DA:10,1
DA:12,1
DA:13,0
DA:16,0
DA:22,0
DA:23,0
DA:24,0
DA:26,0
DA:27,0
DA:36,6
DA:38,6
DA:39,0
DA:40,0
DA:42,6
DA:44,0
DA:45,0
DA:51,0
DA:52,0
DA:53,0
DA:60,0
DA:62,0
DA:64,1
DA:65,1
DA:67,1
DA:68,1
DA:70,1
DA:71,1
DA:73,1
DA:74,1
DA:76,1
DA:77,1
DA:83,1
DA:84,1
DA:86,0
DA:87,0
DA:89,1
DA:92,1
DA:102,7
DA:103,7
DA:104,7
DA:105,1
DA:106,6
DA:107,6
DA:108,6
DA:109,1
DA:110,5
DA:111,3
DA:112,1
DA:113,0
DA:114,1
DA:123,1
DA:124,1
DA:125,1
DA:126,1
DA:133,3
DA:134,1
DA:135,1
DA:137,2
DA:138,2
DA:139,2
DA:140,2
LF:63
LH:44
BRDA:12,0,0,0
BRDA:12,0,1,1
BRDA:23,1,0,0
BRDA:23,1,1,0
BRDA:38,2,0,0
BRDA:38,2,1,6
BRDA:38,3,0,6
BRDA:38,3,1,0
BRDA:42,4,0,0
BRDA:42,4,1,1
BRDA:42,4,2,1
BRDA:42,4,3,1
BRDA:42,4,4,1
BRDA:42,4,5,1
BRDA:42,4,6,1
BRDA:51,5,0,0
BRDA:51,5,1,0
BRDA:52,6,0,0
BRDA:52,6,1,0
BRDA:77,7,0,1
BRDA:77,7,1,0
BRDA:78,8,0,1
BRDA:78,8,1,1
BRDA:78,8,2,1
BRDA:78,8,3,1
BRDA:104,9,0,1
BRDA:104,9,1,6
BRDA:108,10,0,1
BRDA:108,10,1,5
BRDA:108,11,0,6
BRDA:108,11,1,5
BRDA:110,12,0,2
BRDA:110,12,1,3
BRDA:110,13,0,5
BRDA:110,13,1,4
BRDA:111,14,0,2
BRDA:111,14,1,1
BRDA:111,15,0,3
BRDA:111,15,1,2
BRDA:112,16,0,0
BRDA:112,16,1,1
BRDA:126,17,0,1
BRDA:126,17,1,0
BRDA:133,18,0,1
BRDA:133,18,1,2
BRDA:141,19,0,1
BRDA:141,19,1,1
BRDA:143,20,0,1
BRDA:143,20,1,1
BRF:49
BRH:36
end_of_record
TN:
SF:src/robot.ts
FN:18,(anonymous_0)
FN:46,(anonymous_1)
FN:70,(anonymous_2)
FN:80,(anonymous_3)
FN:101,(anonymous_4)
FN:110,(anonymous_5)
FN:119,(anonymous_6)
FNF:7
FNH:7
FNDA:9,(anonymous_0)
FNDA:6,(anonymous_1)
FNDA:2,(anonymous_2)
FNDA:6,(anonymous_3)
FNDA:4,(anonymous_4)
FNDA:4,(anonymous_5)
FNDA:1,(anonymous_6)
DA:19,9
DA:20,9
DA:21,9
DA:24,9
DA:31,9
DA:38,9
DA:50,6
DA:51,6
DA:52,6
DA:53,6
DA:59,6
DA:60,4
DA:63,2
DA:66,2
DA:67,1
DA:71,2
DA:73,2
DA:74,2
DA:81,6
DA:82,6
DA:83,6
DA:85,6
DA:86,5
DA:87,5
DA:90,1
DA:91,1
DA:94,1
DA:96,1
DA:102,4
DA:103,4
DA:104,4
DA:105,4
DA:111,4
DA:112,4
DA:113,4
DA:114,4
DA:120,1
DA:121,1
DA:122,1
DA:123,1
LF:40
LH:40
BRDA:51,0,0,4
BRDA:51,0,1,2
BRDA:52,1,0,4
BRDA:52,1,1,2
BRDA:59,2,0,4
BRDA:59,2,1,2
BRDA:63,3,0,2
BRDA:63,3,1,0
BRDA:66,4,0,1
BRDA:66,4,1,1
BRDA:81,5,0,0
BRDA:81,5,1,6
BRDA:85,6,0,5
BRDA:85,6,1,1
BRDA:102,7,0,0
BRDA:102,7,1,4
BRDA:111,8,0,0
BRDA:111,8,1,4
BRDA:120,9,0,0
BRDA:120,9,1,1
BRF:20
BRH:15
end_of_record
TN:
SF:src/table.ts
FN:10,(anonymous_0)
FN:21,(anonymous_1)
FNF:2
FNH:2
FNDA:9,(anonymous_0)
FNDA:2,(anonymous_1)
DA:12,9
DA:26,2
DA:27,2
DA:28,2
DA:29,2
LF:5
LH:5
BRF:0
BRH:0
end_of_record
