TN:
SF:build/index.js
FN:2,(anonymous_0)
FN:18,askForInput
FN:27,mapInput
FN:77,validatePlaceArguments
FN:95,placeRobot
FN:103,reportOnRobots
FNF:6
FNH:2
FNDA:3,(anonymous_0)
FNDA:0,askForInput
FNDA:0,mapInput
FNDA:6,validatePlaceArguments
FNDA:0,placeRobot
FNDA:0,reportOnRobots
DA:2,1
DA:3,3
DA:5,1
DA:6,1
DA:7,1
DA:8,1
DA:9,1
DA:11,1
DA:12,1
DA:13,1
DA:15,1
DA:16,1
DA:17,0
DA:19,0
DA:20,0
DA:21,0
DA:23,0
DA:24,0
DA:28,0
DA:29,0
DA:31,0
DA:32,0
DA:33,0
DA:34,0
DA:35,0
DA:36,0
DA:37,0
DA:40,0
DA:42,0
DA:45,0
DA:46,0
DA:49,0
DA:50,0
DA:52,0
DA:53,0
DA:55,0
DA:56,0
DA:58,0
DA:59,0
DA:61,0
DA:62,0
DA:66,0
DA:67,0
DA:69,0
DA:70,0
DA:72,0
DA:75,1
DA:78,6
DA:79,6
DA:80,6
DA:81,1
DA:82,5
DA:83,5
DA:84,5
DA:85,1
DA:86,4
DA:87,2
DA:88,2
DA:89,2
DA:90,0
DA:91,0
DA:92,0
DA:94,1
DA:96,0
DA:97,0
DA:98,0
DA:99,0
DA:100,0
DA:102,1
DA:104,0
DA:105,0
DA:106,0
DA:108,0
DA:109,0
DA:110,0
DA:111,0
DA:113,1
LF:77
LH:28
BRDA:2,0,0,1
BRDA:2,0,1,0
BRDA:2,0,2,1
BRDA:3,1,0,2
BRDA:3,1,1,1
BRDA:3,2,0,3
BRDA:3,2,1,3
BRDA:16,3,0,0
BRDA:16,3,1,1
BRDA:20,4,0,0
BRDA:20,4,1,0
BRDA:29,5,0,0
BRDA:29,5,1,0
BRDA:29,5,2,0
BRDA:29,5,3,0
BRDA:29,5,4,0
BRDA:29,5,5,0
BRDA:29,5,6,0
BRDA:34,6,0,0
BRDA:34,6,1,0
BRDA:35,7,0,0
BRDA:35,7,1,0
BRDA:49,8,0,0
BRDA:49,8,1,0
BRDA:49,9,0,0
BRDA:49,9,1,0
BRDA:52,10,0,0
BRDA:52,10,1,0
BRDA:52,11,0,0
BRDA:52,11,1,0
BRDA:55,12,0,0
BRDA:55,12,1,0
BRDA:55,13,0,0
BRDA:55,13,1,0
BRDA:62,14,0,0
BRDA:62,14,1,0
BRDA:62,15,0,0
BRDA:62,15,1,0
BRDA:62,15,2,0
BRDA:62,15,3,0
BRDA:80,16,0,1
BRDA:80,16,1,5
BRDA:84,17,0,1
BRDA:84,17,1,4
BRDA:84,18,0,5
BRDA:84,18,1,4
BRDA:86,19,0,2
BRDA:86,19,1,2
BRDA:86,20,0,4
BRDA:86,20,1,3
BRDA:88,21,0,2
BRDA:88,21,1,0
BRDA:88,22,0,2
BRDA:88,22,1,1
BRDA:90,23,0,0
BRDA:90,23,1,0
BRDA:99,24,0,0
BRDA:99,24,1,0
BRDA:104,25,0,0
BRDA:104,25,1,0
BRDA:111,26,0,0
BRDA:111,26,1,0
BRDA:111,27,0,0
BRDA:111,27,1,0
BRF:64
BRH:20
end_of_record
TN:
SF:build/robot.js
FN:4,(anonymous_0)
FN:5,Robot
FN:29,(anonymous_2)
FN:50,(anonymous_3)
FN:59,(anonymous_4)
FN:78,(anonymous_5)
FN:87,(anonymous_6)
FN:96,(anonymous_7)
FNF:8
FNH:8
FNDA:3,(anonymous_0)
FNDA:3,Robot
FNDA:6,(anonymous_2)
FNDA:1,(anonymous_3)
FNDA:6,(anonymous_4)
FNDA:4,(anonymous_5)
FNDA:4,(anonymous_6)
FNDA:1,(anonymous_7)
DA:2,3
DA:4,3
DA:6,3
DA:12,3
DA:18,3
DA:24,3
DA:25,3
DA:26,3
DA:29,3
DA:30,6
DA:31,6
DA:32,6
DA:33,6
DA:39,6
DA:40,4
DA:43,2
DA:46,2
DA:47,1
DA:48,1
DA:50,3
DA:51,1
DA:53,1
DA:54,1
DA:59,3
DA:60,6
DA:61,0
DA:62,6
DA:63,6
DA:65,6
DA:66,5
DA:67,5
DA:70,1
DA:71,1
DA:73,1
DA:74,1
DA:78,3
DA:79,4
DA:80,0
DA:81,4
DA:82,4
DA:83,4
DA:87,3
DA:88,4
DA:89,0
DA:90,4
DA:91,4
DA:92,4
DA:96,3
DA:97,1
DA:98,0
DA:99,1
DA:100,1
DA:101,1
DA:105,3
DA:107,3
LF:55
LH:51
BRDA:31,0,0,4
BRDA:31,0,1,2
BRDA:32,1,0,4
BRDA:32,1,1,2
BRDA:39,2,0,4
BRDA:39,2,1,2
BRDA:43,3,0,2
BRDA:43,3,1,0
BRDA:46,4,0,1
BRDA:46,4,1,1
BRDA:60,5,0,0
BRDA:60,5,1,6
BRDA:65,6,0,5
BRDA:65,6,1,1
BRDA:79,7,0,0
BRDA:79,7,1,4
BRDA:88,8,0,0
BRDA:88,8,1,4
BRDA:97,9,0,0
BRDA:97,9,1,1
BRF:20
BRH:15
end_of_record
TN:
SF:build/table.js
FN:4,(anonymous_0)
FN:5,Table
FN:15,(anonymous_2)
FNF:3
FNH:3
FNDA:3,(anonymous_0)
FNDA:3,Table
FNDA:2,(anonymous_2)
DA:2,3
DA:4,3
DA:7,3
DA:15,3
DA:16,2
DA:17,2
DA:18,2
DA:19,2
DA:21,3
DA:23,3
LF:10
LH:10
BRF:0
BRH:0
end_of_record
TN:
SF:src/index.ts
FN:21,askForInput
FN:30,mapInput
FN:97,validatePlaceArguments
FN:117,placeRobot
FN:129,reportOnRobots
FNF:5
FNH:4
FNDA:0,askForInput
FNDA:6,mapInput
FNDA:7,validatePlaceArguments
FNDA:1,placeRobot
FNDA:3,reportOnRobots
DA:8,1
DA:9,1
DA:10,1
DA:12,1
DA:13,0
DA:16,0
DA:22,0
DA:23,0
DA:24,0
DA:26,0
DA:27,0
DA:36,6
DA:38,6
DA:39,0
DA:40,0
DA:42,6
DA:44,0
DA:45,0
DA:51,0
DA:52,0
DA:53,0
DA:60,0
DA:62,0
DA:64,1
DA:65,1
DA:67,1
DA:68,1
DA:70,1
DA:71,1
DA:73,1
DA:74,1
DA:76,1
DA:77,1
DA:83,1
DA:84,1
DA:86,0
DA:87,0
DA:89,1
DA:92,1
DA:102,7
DA:103,7
DA:104,7
DA:105,1
DA:106,6
DA:107,6
DA:108,6
DA:109,1
DA:110,5
DA:111,3
DA:112,1
DA:113,0
DA:114,1
DA:123,1
DA:124,1
DA:125,1
DA:126,1
DA:133,3
DA:134,1
DA:135,1
DA:137,2
DA:138,2
DA:139,2
DA:140,2
LF:63
LH:44
BRDA:12,0,0,0
BRDA:12,0,1,1
BRDA:23,1,0,0
BRDA:23,1,1,0
BRDA:38,2,0,0
BRDA:38,2,1,6
BRDA:38,3,0,6
BRDA:38,3,1,0
BRDA:42,4,0,0
BRDA:42,4,1,1
BRDA:42,4,2,1
BRDA:42,4,3,1
BRDA:42,4,4,1
BRDA:42,4,5,1
BRDA:42,4,6,1
BRDA:51,5,0,0
BRDA:51,5,1,0
BRDA:52,6,0,0
BRDA:52,6,1,0
BRDA:77,7,0,1
BRDA:77,7,1,0
BRDA:78,8,0,1
BRDA:78,8,1,1
BRDA:78,8,2,1
BRDA:78,8,3,1
BRDA:104,9,0,1
BRDA:104,9,1,6
BRDA:108,10,0,1
BRDA:108,10,1,5
BRDA:108,11,0,6
BRDA:108,11,1,5
BRDA:110,12,0,2
BRDA:110,12,1,3
BRDA:110,13,0,5
BRDA:110,13,1,4
BRDA:111,14,0,2
BRDA:111,14,1,1
BRDA:111,15,0,3
BRDA:111,15,1,2
BRDA:112,16,0,0
BRDA:112,16,1,1
BRDA:126,17,0,1
BRDA:126,17,1,0
BRDA:133,18,0,1
BRDA:133,18,1,2
BRDA:141,19,0,1
BRDA:141,19,1,1
BRDA:143,20,0,1
BRDA:143,20,1,1
BRF:49
BRH:36
end_of_record
TN:
SF:src/robot.ts
FN:18,(anonymous_0)
FN:46,(anonymous_1)
FN:70,(anonymous_2)
FN:80,(anonymous_3)
FN:101,(anonymous_4)
FN:110,(anonymous_5)
FN:119,(anonymous_6)
FNF:7
FNH:7
FNDA:9,(anonymous_0)
FNDA:6,(anonymous_1)
FNDA:2,(anonymous_2)
FNDA:6,(anonymous_3)
FNDA:4,(anonymous_4)
FNDA:4,(anonymous_5)
FNDA:1,(anonymous_6)
DA:19,9
DA:20,9
DA:21,9
DA:24,9
DA:31,9
DA:38,9
DA:50,6
DA:51,6
DA:52,6
DA:53,6
DA:59,6
DA:60,4
DA:63,2
DA:66,2
DA:67,1
DA:71,2
DA:73,2
DA:74,2
DA:81,6
DA:82,6
DA:83,6
DA:85,6
DA:86,5
DA:87,5
DA:90,1
DA:91,1
DA:94,1
DA:96,1
DA:102,4
DA:103,4
DA:104,4
DA:105,4
DA:111,4
DA:112,4
DA:113,4
DA:114,4
DA:120,1
DA:121,1
DA:122,1
DA:123,1
LF:40
LH:40
BRDA:51,0,0,4
BRDA:51,0,1,2
BRDA:52,1,0,4
BRDA:52,1,1,2
BRDA:59,2,0,4
BRDA:59,2,1,2
BRDA:63,3,0,2
BRDA:63,3,1,0
BRDA:66,4,0,1
BRDA:66,4,1,1
BRDA:81,5,0,0
BRDA:81,5,1,6
BRDA:85,6,0,5
BRDA:85,6,1,1
BRDA:102,7,0,0
BRDA:102,7,1,4
BRDA:111,8,0,0
BRDA:111,8,1,4
BRDA:120,9,0,0
BRDA:120,9,1,1
BRF:20
BRH:15
end_of_record
TN:
SF:src/table.ts
FN:10,(anonymous_0)
FN:21,(anonymous_1)
FNF:2
FNH:2
FNDA:9,(anonymous_0)
FNDA:2,(anonymous_1)
DA:12,9
DA:26,2
DA:27,2
DA:28,2
DA:29,2
LF:5
LH:5
BRF:0
BRH:0
end_of_record
